<?xml version="1.0" encoding="UTF-8"?>
<!-- Generated by org.testng.reporters.JUnitReportReporter -->
<testsuite hostname="malli" name="com.basic.auth.BrokenImages" tests="1" failures="0" timestamp="24 Jun 2019 20:01:22 GMT" time="6.748" errors="0">
  <testcase name="validateInvalidImages" time="6.748" classname="com.basic.auth.BrokenImages"/>
</testsuite> <!-- com.basic.auth.BrokenImages -->
