<?xml version="1.0" encoding="UTF-8"?>
<!-- Generated by org.testng.reporters.JUnitReportReporter -->
<testsuite hostname="malli" name="com.basic.auth.HorizontalSlider" tests="1" failures="0" timestamp="24 Jun 2019 20:37:33 GMT" time="4.493" errors="0">
  <testcase name="validateInvalidImages" time="4.493" classname="com.basic.auth.HorizontalSlider"/>
</testsuite> <!-- com.basic.auth.HorizontalSlider -->
