<?xml version="1.0" encoding="UTF-8"?>
<!-- Generated by org.testng.reporters.JUnitReportReporter -->
<testsuite hostname="malli" name="com.basic.auth.UserDetailsRead" tests="1" failures="0" timestamp="24 Jun 2019 20:48:24 GMT" time="16.923" errors="0">
  <testcase name="validateInvalidImages" time="16.923" classname="com.basic.auth.UserDetailsRead"/>
</testsuite> <!-- com.basic.auth.UserDetailsRead -->
