<?xml version="1.0" encoding="UTF-8"?>
<!-- Generated by org.testng.reporters.JUnitReportReporter -->
<testsuite hostname="malli" name="com.basic.auth.LoginAutomationSite" tests="2" failures="0" timestamp="24 Jun 2019 20:01:22 GMT" time="9.364" errors="0">
  <testcase name="doLogin" time="7.118" classname="com.basic.auth.LoginAutomationSite"/>
  <testcase name="verifySuccessResponseText" time="2.246" classname="com.basic.auth.LoginAutomationSite"/>
</testsuite> <!-- com.basic.auth.LoginAutomationSite -->
