<?xml version="1.0" encoding="UTF-8"?>
<!-- Generated by org.testng.reporters.JUnitReportReporter -->
<testsuite hostname="malli" name="com.horizontal.slider.tests.SliderTest" tests="3" failures="0" timestamp="26 Jun 2019 17:12:27 GMT" time="22.090" errors="0">
  <testcase name="verifyAllElements" time="13.115" classname="com.horizontal.slider.tests.SliderTest"/>
  <testcase name="verifySliderMaxValueAsFive" time="4.575" classname="com.horizontal.slider.tests.SliderTest"/>
  <testcase name="verifySliderMinValueAsZero" time="4.400" classname="com.horizontal.slider.tests.SliderTest"/>
</testsuite> <!-- com.horizontal.slider.tests.SliderTest -->
