<?xml version="1.0" encoding="UTF-8"?>
<!-- Generated by org.testng.reporters.JUnitReportReporter -->
<testsuite hostname="malli" name="com.broken.images.tests.BrokenImagesTest" tests="1" failures="0" timestamp="26 Jun 2019 17:22:23 GMT" time="16.372" errors="0">
  <testcase name="verifyBrokenImages" time="16.372" classname="com.broken.images.tests.BrokenImagesTest"/>
</testsuite> <!-- com.broken.images.tests.BrokenImagesTest -->
